  FmInicjaly.cpp
c:\users\paweł krystkiewicz\onedrive\projekty\programmer\drawinglettersopenglbackup\lettersopengl\inicjaly\inicjaly\FmInicjaly.h(428): warning C4244: 'argument': conversion from 'double' to 'GLbyte', possible loss of data
c:\users\paweł krystkiewicz\onedrive\projekty\programmer\drawinglettersopenglbackup\lettersopengl\inicjaly\inicjaly\FmInicjaly.h(440): warning C4244: 'argument': conversion from 'double' to 'GLbyte', possible loss of data
c:\users\paweł krystkiewicz\onedrive\projekty\programmer\drawinglettersopenglbackup\lettersopengl\inicjaly\inicjaly\FmInicjaly.h(451): warning C4244: 'argument': conversion from 'double' to 'GLbyte', possible loss of data
c:\users\paweł krystkiewicz\onedrive\projekty\programmer\drawinglettersopenglbackup\lettersopengl\inicjaly\inicjaly\FmInicjaly.h(462): warning C4244: 'argument': conversion from 'double' to 'GLbyte', possible loss of data
c:\users\paweł krystkiewicz\onedrive\projekty\programmer\drawinglettersopenglbackup\lettersopengl\inicjaly\inicjaly\FmInicjaly.h(489): warning C4838: conversion from 'double' to 'GLfloat' requires a narrowing conversion
c:\users\paweł krystkiewicz\onedrive\projekty\programmer\drawinglettersopenglbackup\lettersopengl\inicjaly\inicjaly\FmInicjaly.h(489): warning C4244: 'initializing': conversion from 'double' to 'GLfloat', possible loss of data
c:\users\paweł krystkiewicz\onedrive\projekty\programmer\drawinglettersopenglbackup\lettersopengl\inicjaly\inicjaly\FmInicjaly.h(498): warning C4838: conversion from 'double' to 'GLfloat' requires a narrowing conversion
c:\users\paweł krystkiewicz\onedrive\projekty\programmer\drawinglettersopenglbackup\lettersopengl\inicjaly\inicjaly\FmInicjaly.h(498): warning C4244: 'initializing': conversion from 'double' to 'GLfloat', possible loss of data
c:\users\paweł krystkiewicz\onedrive\projekty\programmer\drawinglettersopenglbackup\lettersopengl\inicjaly\inicjaly\FmInicjaly.h(507): warning C4838: conversion from 'double' to 'GLfloat' requires a narrowing conversion
c:\users\paweł krystkiewicz\onedrive\projekty\programmer\drawinglettersopenglbackup\lettersopengl\inicjaly\inicjaly\FmInicjaly.h(507): warning C4244: 'initializing': conversion from 'double' to 'GLfloat', possible loss of data
c:\users\paweł krystkiewicz\onedrive\projekty\programmer\drawinglettersopenglbackup\lettersopengl\inicjaly\inicjaly\FmInicjaly.h(517): warning C4838: conversion from 'double' to 'GLfloat' requires a narrowing conversion
c:\users\paweł krystkiewicz\onedrive\projekty\programmer\drawinglettersopenglbackup\lettersopengl\inicjaly\inicjaly\FmInicjaly.h(517): warning C4244: 'initializing': conversion from 'double' to 'GLfloat', possible loss of data
c:\users\paweł krystkiewicz\onedrive\projekty\programmer\drawinglettersopenglbackup\lettersopengl\inicjaly\inicjaly\FmInicjaly.h(527): warning C4838: conversion from 'double' to 'GLfloat' requires a narrowing conversion
c:\users\paweł krystkiewicz\onedrive\projekty\programmer\drawinglettersopenglbackup\lettersopengl\inicjaly\inicjaly\FmInicjaly.h(527): warning C4244: 'initializing': conversion from 'double' to 'GLfloat', possible loss of data
c:\users\paweł krystkiewicz\onedrive\projekty\programmer\drawinglettersopenglbackup\lettersopengl\inicjaly\inicjaly\FmInicjaly.h(536): warning C4838: conversion from 'double' to 'GLfloat' requires a narrowing conversion
c:\users\paweł krystkiewicz\onedrive\projekty\programmer\drawinglettersopenglbackup\lettersopengl\inicjaly\inicjaly\FmInicjaly.h(536): warning C4244: 'initializing': conversion from 'double' to 'GLfloat', possible loss of data
c:\users\paweł krystkiewicz\onedrive\projekty\programmer\drawinglettersopenglbackup\lettersopengl\inicjaly\inicjaly\FmInicjaly.h(545): warning C4838: conversion from 'double' to 'GLfloat' requires a narrowing conversion
c:\users\paweł krystkiewicz\onedrive\projekty\programmer\drawinglettersopenglbackup\lettersopengl\inicjaly\inicjaly\FmInicjaly.h(545): warning C4244: 'initializing': conversion from 'double' to 'GLfloat', possible loss of data
c:\users\paweł krystkiewicz\onedrive\projekty\programmer\drawinglettersopenglbackup\lettersopengl\inicjaly\inicjaly\FmInicjaly.h(555): warning C4838: conversion from 'double' to 'GLfloat' requires a narrowing conversion
c:\users\paweł krystkiewicz\onedrive\projekty\programmer\drawinglettersopenglbackup\lettersopengl\inicjaly\inicjaly\FmInicjaly.h(555): warning C4244: 'initializing': conversion from 'double' to 'GLfloat', possible loss of data
c:\users\paweł krystkiewicz\onedrive\projekty\programmer\drawinglettersopenglbackup\lettersopengl\inicjaly\inicjaly\FmInicjaly.h(1084): warning C4838: conversion from 'double' to 'GLfloat' requires a narrowing conversion
c:\users\paweł krystkiewicz\onedrive\projekty\programmer\drawinglettersopenglbackup\lettersopengl\inicjaly\inicjaly\FmInicjaly.h(1084): warning C4244: 'initializing': conversion from 'double' to 'GLfloat', possible loss of data
c:\users\paweł krystkiewicz\onedrive\projekty\programmer\drawinglettersopenglbackup\lettersopengl\inicjaly\inicjaly\FmInicjaly.h(1093): warning C4838: conversion from 'double' to 'GLfloat' requires a narrowing conversion
c:\users\paweł krystkiewicz\onedrive\projekty\programmer\drawinglettersopenglbackup\lettersopengl\inicjaly\inicjaly\FmInicjaly.h(1093): warning C4244: 'initializing': conversion from 'double' to 'GLfloat', possible loss of data
c:\users\paweł krystkiewicz\onedrive\projekty\programmer\drawinglettersopenglbackup\lettersopengl\inicjaly\inicjaly\FmInicjaly.h(1102): warning C4838: conversion from 'double' to 'GLfloat' requires a narrowing conversion
c:\users\paweł krystkiewicz\onedrive\projekty\programmer\drawinglettersopenglbackup\lettersopengl\inicjaly\inicjaly\FmInicjaly.h(1102): warning C4244: 'initializing': conversion from 'double' to 'GLfloat', possible loss of data
c:\users\paweł krystkiewicz\onedrive\projekty\programmer\drawinglettersopenglbackup\lettersopengl\inicjaly\inicjaly\FmInicjaly.h(1111): warning C4838: conversion from 'double' to 'GLfloat' requires a narrowing conversion
c:\users\paweł krystkiewicz\onedrive\projekty\programmer\drawinglettersopenglbackup\lettersopengl\inicjaly\inicjaly\FmInicjaly.h(1111): warning C4244: 'initializing': conversion from 'double' to 'GLfloat', possible loss of data
c:\users\paweł krystkiewicz\onedrive\projekty\programmer\drawinglettersopenglbackup\lettersopengl\inicjaly\inicjaly\FmInicjaly.h(1120): warning C4838: conversion from 'double' to 'GLfloat' requires a narrowing conversion
c:\users\paweł krystkiewicz\onedrive\projekty\programmer\drawinglettersopenglbackup\lettersopengl\inicjaly\inicjaly\FmInicjaly.h(1120): warning C4244: 'initializing': conversion from 'double' to 'GLfloat', possible loss of data
c:\users\paweł krystkiewicz\onedrive\projekty\programmer\drawinglettersopenglbackup\lettersopengl\inicjaly\inicjaly\FmInicjaly.h(1130): warning C4838: conversion from 'double' to 'GLfloat' requires a narrowing conversion
c:\users\paweł krystkiewicz\onedrive\projekty\programmer\drawinglettersopenglbackup\lettersopengl\inicjaly\inicjaly\FmInicjaly.h(1130): warning C4244: 'initializing': conversion from 'double' to 'GLfloat', possible loss of data
c:\users\paweł krystkiewicz\onedrive\projekty\programmer\drawinglettersopenglbackup\lettersopengl\inicjaly\inicjaly\FmInicjaly.h(1139): warning C4838: conversion from 'double' to 'GLfloat' requires a narrowing conversion
c:\users\paweł krystkiewicz\onedrive\projekty\programmer\drawinglettersopenglbackup\lettersopengl\inicjaly\inicjaly\FmInicjaly.h(1139): warning C4244: 'initializing': conversion from 'double' to 'GLfloat', possible loss of data
c:\users\paweł krystkiewicz\onedrive\projekty\programmer\drawinglettersopenglbackup\lettersopengl\inicjaly\inicjaly\FmInicjaly.h(1148): warning C4838: conversion from 'double' to 'GLfloat' requires a narrowing conversion
c:\users\paweł krystkiewicz\onedrive\projekty\programmer\drawinglettersopenglbackup\lettersopengl\inicjaly\inicjaly\FmInicjaly.h(1148): warning C4244: 'initializing': conversion from 'double' to 'GLfloat', possible loss of data
c:\users\paweł krystkiewicz\onedrive\projekty\programmer\drawinglettersopenglbackup\lettersopengl\inicjaly\inicjaly\FmInicjaly.h(1157): warning C4838: conversion from 'double' to 'GLfloat' requires a narrowing conversion
c:\users\paweł krystkiewicz\onedrive\projekty\programmer\drawinglettersopenglbackup\lettersopengl\inicjaly\inicjaly\FmInicjaly.h(1157): warning C4244: 'initializing': conversion from 'double' to 'GLfloat', possible loss of data
c:\users\paweł krystkiewicz\onedrive\projekty\programmer\drawinglettersopenglbackup\lettersopengl\inicjaly\inicjaly\FmInicjaly.h(1166): warning C4838: conversion from 'double' to 'GLfloat' requires a narrowing conversion
c:\users\paweł krystkiewicz\onedrive\projekty\programmer\drawinglettersopenglbackup\lettersopengl\inicjaly\inicjaly\FmInicjaly.h(1166): warning C4244: 'initializing': conversion from 'double' to 'GLfloat', possible loss of data
c:\users\paweł krystkiewicz\onedrive\projekty\programmer\drawinglettersopenglbackup\lettersopengl\inicjaly\inicjaly\FmInicjaly.h(2582): warning C4244: '=': conversion from 'double' to 'GLfloat', possible loss of data
c:\users\paweł krystkiewicz\onedrive\projekty\programmer\drawinglettersopenglbackup\lettersopengl\inicjaly\inicjaly\FmInicjaly.h(2583): warning C4244: '=': conversion from 'double' to 'GLfloat', possible loss of data
c:\users\paweł krystkiewicz\onedrive\projekty\programmer\drawinglettersopenglbackup\lettersopengl\inicjaly\inicjaly\FmInicjaly.h(2584): warning C4244: '=': conversion from 'double' to 'GLfloat', possible loss of data
c:\users\paweł krystkiewicz\onedrive\projekty\programmer\drawinglettersopenglbackup\lettersopengl\inicjaly\inicjaly\FmInicjaly.h(2586): warning C4244: '=': conversion from 'double' to 'GLfloat', possible loss of data
c:\users\paweł krystkiewicz\onedrive\projekty\programmer\drawinglettersopenglbackup\lettersopengl\inicjaly\inicjaly\FmInicjaly.h(2587): warning C4244: '=': conversion from 'double' to 'GLfloat', possible loss of data
c:\users\paweł krystkiewicz\onedrive\projekty\programmer\drawinglettersopenglbackup\lettersopengl\inicjaly\inicjaly\FmInicjaly.h(2588): warning C4244: '=': conversion from 'double' to 'GLfloat', possible loss of data
c:\users\paweł krystkiewicz\onedrive\projekty\programmer\drawinglettersopenglbackup\lettersopengl\inicjaly\inicjaly\FmInicjaly.h(2601): warning C4244: 'argument': conversion from 'double' to 'GLbyte', possible loss of data
c:\users\paweł krystkiewicz\onedrive\projekty\programmer\drawinglettersopenglbackup\lettersopengl\inicjaly\inicjaly\FmInicjaly.h(2603): warning C4551: function call missing argument list
c:\users\paweł krystkiewicz\onedrive\projekty\programmer\drawinglettersopenglbackup\lettersopengl\inicjaly\inicjaly\FmInicjaly.h(2647): warning C4244: 'argument': conversion from 'double' to 'GLfloat', possible loss of data
c:\users\paweł krystkiewicz\onedrive\projekty\programmer\drawinglettersopenglbackup\lettersopengl\inicjaly\inicjaly\FmInicjaly.h(2648): warning C4244: 'argument': conversion from 'double' to 'GLfloat', possible loss of data
c:\users\paweł krystkiewicz\onedrive\projekty\programmer\drawinglettersopenglbackup\lettersopengl\inicjaly\inicjaly\FmInicjaly.h(2660): warning C4244: 'argument': conversion from 'double' to 'GLfloat', possible loss of data
c:\users\paweł krystkiewicz\onedrive\projekty\programmer\drawinglettersopenglbackup\lettersopengl\inicjaly\inicjaly\FmInicjaly.h(2661): warning C4244: 'argument': conversion from 'double' to 'GLfloat', possible loss of data
c:\users\paweł krystkiewicz\onedrive\projekty\programmer\drawinglettersopenglbackup\lettersopengl\inicjaly\inicjaly\FmInicjaly.h(2673): warning C4244: 'argument': conversion from 'double' to 'GLfloat', possible loss of data
c:\users\paweł krystkiewicz\onedrive\projekty\programmer\drawinglettersopenglbackup\lettersopengl\inicjaly\inicjaly\FmInicjaly.h(2674): warning C4244: 'argument': conversion from 'double' to 'GLfloat', possible loss of data
c:\users\paweł krystkiewicz\onedrive\projekty\programmer\drawinglettersopenglbackup\lettersopengl\inicjaly\inicjaly\FmInicjaly.h(2704): warning C4244: '=': conversion from 'int' to 'GLfloat', possible loss of data
c:\users\paweł krystkiewicz\onedrive\projekty\programmer\drawinglettersopenglbackup\lettersopengl\inicjaly\inicjaly\FmInicjaly.h(2705): warning C4244: '=': conversion from 'int' to 'GLfloat', possible loss of data
c:\users\paweł krystkiewicz\onedrive\projekty\programmer\drawinglettersopenglbackup\lettersopengl\inicjaly\inicjaly\FmInicjaly.h(2712): warning C4244: '+=': conversion from 'double' to 'GLfloat', possible loss of data
c:\users\paweł krystkiewicz\onedrive\projekty\programmer\drawinglettersopenglbackup\lettersopengl\inicjaly\inicjaly\FmInicjaly.h(2717): warning C4244: '+=': conversion from 'double' to 'GLfloat', possible loss of data
c:\users\paweł krystkiewicz\onedrive\projekty\programmer\drawinglettersopenglbackup\lettersopengl\inicjaly\inicjaly\FmInicjaly.h(2729): warning C4244: '-=': conversion from 'double' to 'GLfloat', possible loss of data
c:\users\paweł krystkiewicz\onedrive\projekty\programmer\drawinglettersopenglbackup\lettersopengl\inicjaly\inicjaly\FmInicjaly.h(2739): warning C4244: '+=': conversion from 'double' to 'GLfloat', possible loss of data
c:\users\paweł krystkiewicz\onedrive\projekty\programmer\drawinglettersopenglbackup\lettersopengl\inicjaly\inicjaly\FmInicjaly.h(2740): warning C4244: '-=': conversion from 'double' to 'GLfloat', possible loss of data
c:\users\paweł krystkiewicz\onedrive\projekty\programmer\drawinglettersopenglbackup\lettersopengl\inicjaly\inicjaly\FmInicjaly.h(2763): warning C4244: '=': conversion from 'double' to 'GLfloat', possible loss of data
c:\users\paweł krystkiewicz\onedrive\projekty\programmer\drawinglettersopenglbackup\lettersopengl\inicjaly\inicjaly\FmInicjaly.h(2767): warning C4244: '=': conversion from 'double' to 'GLfloat', possible loss of data
  FmInicjaly.obj : /DEBUG:FASTLINK is not supported when managed code is present; restarting link with /DEBUG:FULL
  Inicjaly.vcxproj -> C:\Users\Paweł Krystkiewicz\OneDrive\PROJEKTY\PROGRAMMER\DrawingLettersOpenGLbackup\LettersOpenGL\Inicjaly\Debug\Inicjaly.exe
  Inicjaly.vcxproj -> C:\Users\Paweł Krystkiewicz\OneDrive\PROJEKTY\PROGRAMMER\DrawingLettersOpenGLbackup\LettersOpenGL\Inicjaly\Debug\Inicjaly.pdb (Partial PDB)
