c:\users\paweł krystkiewicz\onedrive\projekty\programmer\drawinglettersopenglbackup\lettersopengl\inicjaly\inicjaly\debug\vc140.pdb
c:\users\paweł krystkiewicz\onedrive\projekty\programmer\drawinglettersopenglbackup\lettersopengl\inicjaly\inicjaly\debug\.netframework,version=v4.6.1.assemblyattributes.obj
c:\users\paweł krystkiewicz\onedrive\projekty\programmer\drawinglettersopenglbackup\lettersopengl\inicjaly\inicjaly\debug\.netframework,version=v4.6.1.assemblyattributes.asm
c:\users\paweł krystkiewicz\onedrive\projekty\programmer\drawinglettersopenglbackup\lettersopengl\inicjaly\inicjaly\debug\texture.obj
c:\users\paweł krystkiewicz\onedrive\projekty\programmer\drawinglettersopenglbackup\lettersopengl\inicjaly\inicjaly\debug\fminicjaly.obj
c:\users\paweł krystkiewicz\onedrive\projekty\programmer\drawinglettersopenglbackup\lettersopengl\inicjaly\inicjaly\debug\inicjaly.fminicjaly.resources
c:\users\paweł krystkiewicz\onedrive\projekty\programmer\drawinglettersopenglbackup\lettersopengl\inicjaly\inicjaly\debug\inicjaly.vcxproj.generateresource.cache
c:\users\paweł krystkiewicz\onedrive\projekty\programmer\drawinglettersopenglbackup\lettersopengl\inicjaly\inicjaly\debug\inicjaly.vcxprojresolveassemblyreference.cache
c:\users\paweł krystkiewicz\onedrive\projekty\programmer\drawinglettersopenglbackup\lettersopengl\inicjaly\debug\inicjaly.pdb
c:\users\paweł krystkiewicz\onedrive\projekty\programmer\drawinglettersopenglbackup\lettersopengl\inicjaly\inicjaly\debug\inicjaly.tlog\cl.command.1.tlog
c:\users\paweł krystkiewicz\onedrive\projekty\programmer\drawinglettersopenglbackup\lettersopengl\inicjaly\inicjaly\debug\inicjaly.tlog\cl.read.1.tlog
c:\users\paweł krystkiewicz\onedrive\projekty\programmer\drawinglettersopenglbackup\lettersopengl\inicjaly\inicjaly\debug\inicjaly.tlog\cl.write.1.tlog
c:\users\paweł krystkiewicz\onedrive\projekty\programmer\drawinglettersopenglbackup\lettersopengl\inicjaly\inicjaly\debug\inicjaly.tlog\inicjaly.write.1u.tlog
c:\users\paweł krystkiewicz\onedrive\projekty\programmer\drawinglettersopenglbackup\lettersopengl\inicjaly\inicjaly\debug\inicjaly.tlog\link.4308.2304-cvtres.read.1.tlog
c:\users\paweł krystkiewicz\onedrive\projekty\programmer\drawinglettersopenglbackup\lettersopengl\inicjaly\inicjaly\debug\inicjaly.tlog\link.4308.2304-cvtres.write.1.tlog
c:\users\paweł krystkiewicz\onedrive\projekty\programmer\drawinglettersopenglbackup\lettersopengl\inicjaly\inicjaly\debug\inicjaly.tlog\link.4308.2304-rc.read.1.tlog
c:\users\paweł krystkiewicz\onedrive\projekty\programmer\drawinglettersopenglbackup\lettersopengl\inicjaly\inicjaly\debug\inicjaly.tlog\link.4308.2304-rc.write.1.tlog
c:\users\paweł krystkiewicz\onedrive\projekty\programmer\drawinglettersopenglbackup\lettersopengl\inicjaly\inicjaly\debug\inicjaly.tlog\link.4308.2304.read.1.tlog
c:\users\paweł krystkiewicz\onedrive\projekty\programmer\drawinglettersopenglbackup\lettersopengl\inicjaly\inicjaly\debug\inicjaly.tlog\link.4308.2304.write.1.tlog
c:\users\paweł krystkiewicz\onedrive\projekty\programmer\drawinglettersopenglbackup\lettersopengl\inicjaly\inicjaly\debug\inicjaly.tlog\link.4308.read.1.tlog
c:\users\paweł krystkiewicz\onedrive\projekty\programmer\drawinglettersopenglbackup\lettersopengl\inicjaly\inicjaly\debug\inicjaly.tlog\link.4308.write.1.tlog
c:\users\paweł krystkiewicz\onedrive\projekty\programmer\drawinglettersopenglbackup\lettersopengl\inicjaly\inicjaly\debug\inicjaly.tlog\link.5744.1076-cvtres.read.1.tlog
c:\users\paweł krystkiewicz\onedrive\projekty\programmer\drawinglettersopenglbackup\lettersopengl\inicjaly\inicjaly\debug\inicjaly.tlog\link.5744.1076-cvtres.write.1.tlog
c:\users\paweł krystkiewicz\onedrive\projekty\programmer\drawinglettersopenglbackup\lettersopengl\inicjaly\inicjaly\debug\inicjaly.tlog\link.5744.1076-rc.read.1.tlog
c:\users\paweł krystkiewicz\onedrive\projekty\programmer\drawinglettersopenglbackup\lettersopengl\inicjaly\inicjaly\debug\inicjaly.tlog\link.5744.1076-rc.write.1.tlog
c:\users\paweł krystkiewicz\onedrive\projekty\programmer\drawinglettersopenglbackup\lettersopengl\inicjaly\inicjaly\debug\inicjaly.tlog\link.5744.1076.read.1.tlog
c:\users\paweł krystkiewicz\onedrive\projekty\programmer\drawinglettersopenglbackup\lettersopengl\inicjaly\inicjaly\debug\inicjaly.tlog\link.5744.1076.write.1.tlog
c:\users\paweł krystkiewicz\onedrive\projekty\programmer\drawinglettersopenglbackup\lettersopengl\inicjaly\inicjaly\debug\inicjaly.tlog\link.5744.read.1.tlog
c:\users\paweł krystkiewicz\onedrive\projekty\programmer\drawinglettersopenglbackup\lettersopengl\inicjaly\inicjaly\debug\inicjaly.tlog\link.5744.write.1.tlog
c:\users\paweł krystkiewicz\onedrive\projekty\programmer\drawinglettersopenglbackup\lettersopengl\inicjaly\inicjaly\debug\inicjaly.tlog\link.7708.11076-cvtres.read.1.tlog
c:\users\paweł krystkiewicz\onedrive\projekty\programmer\drawinglettersopenglbackup\lettersopengl\inicjaly\inicjaly\debug\inicjaly.tlog\link.7708.11076-cvtres.write.1.tlog
c:\users\paweł krystkiewicz\onedrive\projekty\programmer\drawinglettersopenglbackup\lettersopengl\inicjaly\inicjaly\debug\inicjaly.tlog\link.7708.11076-rc.read.1.tlog
c:\users\paweł krystkiewicz\onedrive\projekty\programmer\drawinglettersopenglbackup\lettersopengl\inicjaly\inicjaly\debug\inicjaly.tlog\link.7708.11076-rc.write.1.tlog
c:\users\paweł krystkiewicz\onedrive\projekty\programmer\drawinglettersopenglbackup\lettersopengl\inicjaly\inicjaly\debug\inicjaly.tlog\link.7708.11076.read.1.tlog
c:\users\paweł krystkiewicz\onedrive\projekty\programmer\drawinglettersopenglbackup\lettersopengl\inicjaly\inicjaly\debug\inicjaly.tlog\link.7708.11076.write.1.tlog
c:\users\paweł krystkiewicz\onedrive\projekty\programmer\drawinglettersopenglbackup\lettersopengl\inicjaly\inicjaly\debug\inicjaly.tlog\link.7708.read.1.tlog
c:\users\paweł krystkiewicz\onedrive\projekty\programmer\drawinglettersopenglbackup\lettersopengl\inicjaly\inicjaly\debug\inicjaly.tlog\link.7708.write.1.tlog
c:\users\paweł krystkiewicz\onedrive\projekty\programmer\drawinglettersopenglbackup\lettersopengl\inicjaly\inicjaly\debug\inicjaly.tlog\link.8568.13316-cvtres.read.1.tlog
c:\users\paweł krystkiewicz\onedrive\projekty\programmer\drawinglettersopenglbackup\lettersopengl\inicjaly\inicjaly\debug\inicjaly.tlog\link.8568.13316-cvtres.write.1.tlog
c:\users\paweł krystkiewicz\onedrive\projekty\programmer\drawinglettersopenglbackup\lettersopengl\inicjaly\inicjaly\debug\inicjaly.tlog\link.8568.13316-rc.read.1.tlog
c:\users\paweł krystkiewicz\onedrive\projekty\programmer\drawinglettersopenglbackup\lettersopengl\inicjaly\inicjaly\debug\inicjaly.tlog\link.8568.13316-rc.write.1.tlog
c:\users\paweł krystkiewicz\onedrive\projekty\programmer\drawinglettersopenglbackup\lettersopengl\inicjaly\inicjaly\debug\inicjaly.tlog\link.8568.13316.read.1.tlog
c:\users\paweł krystkiewicz\onedrive\projekty\programmer\drawinglettersopenglbackup\lettersopengl\inicjaly\inicjaly\debug\inicjaly.tlog\link.8568.13316.write.1.tlog
c:\users\paweł krystkiewicz\onedrive\projekty\programmer\drawinglettersopenglbackup\lettersopengl\inicjaly\inicjaly\debug\inicjaly.tlog\link.8568.read.1.tlog
c:\users\paweł krystkiewicz\onedrive\projekty\programmer\drawinglettersopenglbackup\lettersopengl\inicjaly\inicjaly\debug\inicjaly.tlog\link.8568.write.1.tlog
c:\users\paweł krystkiewicz\onedrive\projekty\programmer\drawinglettersopenglbackup\lettersopengl\inicjaly\inicjaly\debug\inicjaly.tlog\link.command.1.tlog
c:\users\paweł krystkiewicz\onedrive\projekty\programmer\drawinglettersopenglbackup\lettersopengl\inicjaly\inicjaly\debug\inicjaly.tlog\link.read.1.tlog
c:\users\paweł krystkiewicz\onedrive\projekty\programmer\drawinglettersopenglbackup\lettersopengl\inicjaly\inicjaly\debug\inicjaly.tlog\link.write.1.tlog
c:\users\paweł krystkiewicz\onedrive\projekty\programmer\drawinglettersopenglbackup\lettersopengl\inicjaly\inicjaly\debug\inicjaly.tlog\metagen.read.1.tlog
c:\users\paweł krystkiewicz\onedrive\projekty\programmer\drawinglettersopenglbackup\lettersopengl\inicjaly\inicjaly\debug\inicjaly.tlog\metagen.write.1.tlog
c:\users\paweł krystkiewicz\onedrive\projekty\programmer\drawinglettersopenglbackup\lettersopengl\inicjaly\inicjaly\debug\inicjaly.tlog\tzres.dll.bi
